<?xml version="1.0" encoding="UTF-8"?>
<!-- Generated by org.testng.reporters.JUnitReportReporter -->
<testsuite hostname="DESKTOP-MLRQ8M2" failures="0" tests="16" name="com.util.BaseClass" time="37.713" errors="0" timestamp="2024-05-28T12:33:42 IST" skipped="0">
  <testcase classname="com.util.BaseClass" name="launchApp" time="4.751"/>
  <system-out/>
  <testcase classname="com.util.BaseClass" name="verifypageIndex" time="0.013"/>
  <system-out/>
  <testcase classname="com.util.BaseClass" name="verifyLink" time="0.461"/>
  <system-out/>
  <testcase classname="com.util.BaseClass" name="verifyImagelogoOnPage" time="0.090"/>
  <system-out/>
  <testcase classname="com.util.BaseClass" name="verifyAddCustomerPage" time="1.842"/>
  <system-out/>
  <testcase classname="com.util.BaseClass" name="verifyaddcustomerDetails" time="4.281"/>
  <system-out/>
  <testcase classname="com.util.BaseClass" name="verifyaccessdetails" time="4.082"/>
  <system-out/>
  <testcase classname="com.util.BaseClass" name="verifyredirectHome" time="0.654"/>
  <system-out/>
  <testcase classname="com.util.BaseClass" name="verifygoToAddTrafficPlan" time="6.430"/>
  <system-out/>
  <testcase classname="com.util.BaseClass" name="verifyaddTrafficPlanDetails" time="6.951"/>
  <system-out/>
  <testcase classname="com.util.BaseClass" name="verifgoATPHome" time="0.650"/>
  <system-out/>
  <testcase classname="com.util.BaseClass" name="verifyAddtrafficpalantocustomerPage" time="0.749"/>
  <system-out/>
  <testcase classname="com.util.BaseClass" name="verifyenteredCustomerID" time="0.713"/>
  <system-out/>
  <testcase classname="com.util.BaseClass" name="verifyClickonAddplanCustomer" time="3.579"/>
  <system-out/>
  <testcase classname="com.util.BaseClass" name="verifysuccesssmsg" time="2.084"/>
  <system-out/>
  <testcase classname="com.util.BaseClass" name="verifyHomePage" time="0.383"/>
  <system-out/>
</testsuite> <!-- com.util.BaseClass -->
